<?xml version="1.0" encoding="UTF-8"?>
<!-- Generated by org.testng.reporters.JUnitXMLReporter -->
<testsuite hostname="lenovo" ignored="0" name="Default test" tests="3" failures="0" timestamp="2022-03-25T15:41:48 IST" time="101.777" errors="0">
  <testcase name="loginToSweety" time="3.83" classname="com.Sweety.com.Sweety.Sweety"/>
  <testcase name="enterGlucoseLevels" time="4.103" classname="com.Sweety.com.Sweety.Sweety"/>
  <testcase name="viewReports" time="16.165" classname="com.Sweety.com.Sweety.Sweety"/>
</testsuite> <!-- Default test -->
