<?xml version="1.0" encoding="UTF-8"?>
<!-- Generated by org.testng.reporters.JUnitXMLReporter -->
<testsuite hostname="lenovo" ignored="0" name="Test" tests="3" failures="0" timestamp="2022-03-25T16:03:00 IST" time="45.212" errors="0">
  <testcase name="loginToSweety" time="2.903" classname="com.Sweety.com.Sweety.Sweety"/>
  <testcase name="enterGlucoseLevels" time="23.349" classname="com.Sweety.com.Sweety.Sweety"/>
  <testcase name="viewReports" time="1.925" classname="com.Sweety.com.Sweety.Sweety"/>
</testsuite> <!-- Test -->
